<?xml version="1.0" encoding="UTF-8"?>
<!-- Generated by org.testng.reporters.JUnitXMLReporter -->
<testsuite hostname="SANGEETAs-MacBook-Air.local" ignored="19" name="MobileTest-C930DE28-6A9A-49F4-BE49-DAEBF0C0FF8B" tests="1" failures="0" timestamp="08 Jun 2020 06:19:09 GMT" time="173.6" errors="0">
  <testcase name="CheckCancelFromPrivacyManager" time="152.953" classname="com.mobile.tests.GDPR_TCFV2_MetaAppTests"/>
  <testcase name="CheckConsentOnRejectAllFromPM" time="0.0" classname="com.mobile.tests.GDPR_TCFV2_MetaAppTests">
    <ignored/>
  </testcase> <!-- CheckConsentOnRejectAllFromPM -->
  <testcase name="CheckConsentOnRejectAllFromConsentView" time="0.0" classname="com.mobile.tests.GDPR_TCFV2_MetaAppTests">
    <ignored/>
  </testcase> <!-- CheckConsentOnRejectAllFromConsentView -->
  <testcase name="CheckConsentOnDirectPMLoadWhenPMAsMEssage" time="0.0" classname="com.mobile.tests.GDPR_TCFV2_MetaAppTests">
    <ignored/>
  </testcase> <!-- CheckConsentOnDirectPMLoadWhenPMAsMEssage -->
  <testcase name="CheckNoMessageAfterLoggedInWithAuthID" time="0.0" classname="com.mobile.tests.GDPR_TCFV2_MetaAppTests">
    <ignored/>
  </testcase> <!-- CheckNoMessageAfterLoggedInWithAuthID -->
  <testcase name="CheckNoMessageWithShowOnceCriteriaWhenConsentAlreadySaved" time="0.0" classname="com.mobile.tests.GDPR_TCFV2_MetaAppTests">
    <ignored/>
  </testcase> <!-- CheckNoMessageWithShowOnceCriteriaWhenConsentAlreadySaved -->
  <testcase name="CheckConsentDataFromPrivacyManagerDirect" time="0.0" classname="com.mobile.tests.GDPR_TCFV2_MetaAppTests">
    <ignored/>
  </testcase> <!-- CheckConsentDataFromPrivacyManagerDirect -->
  <testcase name="CheckAcceptAllFromPrivacyManage" time="0.0" classname="com.mobile.tests.GDPR_TCFV2_MetaAppTests">
    <ignored/>
  </testcase> <!-- CheckAcceptAllFromPrivacyManage -->
  <testcase name="DeleteSite" time="0.0" classname="com.mobile.tests.GDPR_TCFV2_MetaAppTests">
    <ignored/>
  </testcase> <!-- DeleteSite -->
  <testcase name="EditSiteWithConsentGivenBefore" time="0.0" classname="com.mobile.tests.GDPR_TCFV2_MetaAppTests">
    <ignored/>
  </testcase> <!-- EditSiteWithConsentGivenBefore -->
  <testcase name="CheckCancelFromPMAsMEssage" time="0.0" classname="com.mobile.tests.GDPR_TCFV2_MetaAppTests">
    <ignored/>
  </testcase> <!-- CheckCancelFromPMAsMEssage -->
  <testcase name="CheckConsentWithSameAuthIDAfterDeletingAndRecreate" time="0.0" classname="com.mobile.tests.GDPR_TCFV2_MetaAppTests">
    <ignored/>
  </testcase> <!-- CheckConsentWithSameAuthIDAfterDeletingAndRecreate -->
  <testcase name="CheckSavedConsentAlwaysWithSameAuthID" time="0.0" classname="com.mobile.tests.GDPR_TCFV2_MetaAppTests">
    <ignored/>
  </testcase> <!-- CheckSavedConsentAlwaysWithSameAuthID -->
  <testcase name="CheckPurposeConsentAfterRestCookies" time="0.0" classname="com.mobile.tests.GDPR_TCFV2_MetaAppTests">
    <ignored/>
  </testcase> <!-- CheckPurposeConsentAfterRestCookies -->
  <testcase name="CheckConsentOnAcceptAllFromConsentView" time="0.0" classname="com.mobile.tests.GDPR_TCFV2_MetaAppTests">
    <ignored/>
  </testcase> <!-- CheckConsentOnAcceptAllFromConsentView -->
  <testcase name="CheckPMAsMEssage" time="0.0" classname="com.mobile.tests.GDPR_TCFV2_MetaAppTests">
    <ignored/>
  </testcase> <!-- CheckPMAsMEssage -->
  <testcase name="CheckPropertDetailsOnMessageDismiss" time="0.0" classname="com.mobile.tests.GDPR_TCFV2_MetaAppTests">
    <ignored/>
  </testcase> <!-- CheckPropertDetailsOnMessageDismiss -->
  <testcase name="CheckNoConsentMessageDisplayAfterShowSiteInfo" time="0.0" classname="com.mobile.tests.GDPR_TCFV2_MetaAppTests">
    <ignored/>
  </testcase> <!-- CheckNoConsentMessageDisplayAfterShowSiteInfo -->
  <testcase name="CheckCancelFromDirectPrivacyManager" time="0.0" classname="com.mobile.tests.GDPR_TCFV2_MetaAppTests">
    <ignored/>
  </testcase> <!-- CheckCancelFromDirectPrivacyManager -->
  <testcase name="CheckConsentWithAuthIDFromPMAsMessage" time="0.0" classname="com.mobile.tests.GDPR_TCFV2_MetaAppTests">
    <ignored/>
  </testcase> <!-- CheckConsentWithAuthIDFromPMAsMessage -->
</testsuite> <!-- MobileTest-C930DE28-6A9A-49F4-BE49-DAEBF0C0FF8B -->
